#
# There is insufficient memory for the Java Runtime Environment to continue.
# Native memory allocation (malloc) failed to allocate 32744 bytes for ChunkPool::allocate
# Possible reasons:
#   The system is out of physical RAM or swap space
#   The process is running with CompressedOops enabled, and the Java Heap may be blocking the growth of the native heap
# Possible solutions:
#   Reduce memory load on the system
#   Increase physical memory or swap space
#   Check if swap backing store is full
#   Decrease Java heap size (-Xmx/-Xms)
#   Decrease number of Java threads
#   Decrease Java thread stack sizes (-Xss)
#   Set larger code cache with -XX:ReservedCodeCacheSize=
#   JVM is running with Unscaled Compressed Oops mode in which the Java heap is
#     placed in the first 4GB address space. The Java Heap base address is the
#     maximum limit for the native heap growth. Please use -XX:HeapBaseMinAddress
#     to set the Java Heap base and to place the Java Heap above 4GB virtual address.
# This output file may be truncated or incomplete.
#
#  Out of Memory Error (arena.cpp:78), pid=32, tid=7772
#
# JRE version: OpenJDK Runtime Environment Temurin-17.0.1+12 (17.0.1+12) (build 17.0.1+12)
# Java VM: OpenJDK 64-Bit Server VM Temurin-17.0.1+12 (17.0.1+12, mixed mode, tiered, compressed oops, compressed class ptrs, g1 gc, windows-amd64)
# No core dump will be written. Minidumps are not enabled by default on client versions of Windows
#

---------------  S U M M A R Y ------------

Command Line: -ea -Dfile.encoding=Cp1252 -XX:+ShowCodeDetailsInExceptionMessages org.testng.remote.RemoteTestNG -serport 52091 -protocol json -d C:\SELENIUM\comCastseleniumFramework-SDET30\test-output C:\Users\User\AppData\Local\Temp\testng-eclipse-574924560\testng-customsuite.xml

Host: Intel(R) Core(TM) i5-4300U CPU @ 1.90GHz, 4 cores, 7G,  Windows 10 , 64 bit Build 19041 (10.0.19041.1503)
Time: Sun Feb 20 20:26:27 2022 India Standard Time elapsed time: 0.579714 seconds (0d 0h 0m 0s)

---------------  T H R E A D  ---------------

Current thread (0x00000169fac40e30):  JavaThread "C1 CompilerThread0" daemon [_thread_in_native, id=7772, stack(0x0000005f42d00000,0x0000005f42e00000)]


Current CompileTask:
C1:    579  401       3       java.net.URLStreamHandler::parseURL (1201 bytes)

Stack: [0x0000005f42d00000,0x0000005f42e00000]
Native frames: (J=compiled Java code, j=interpreted, Vv=VM code, C=native code)
V  [jvm.dll+0x6744da]
V  [jvm.dll+0x82e144]
V  [jvm.dll+0x82f8ee]
V  [jvm.dll+0x82ff53]
V  [jvm.dll+0x245175]
V  [jvm.dll+0xabaa0]
V  [jvm.dll+0xabdec]
V  [jvm.dll+0x17727c]
V  [jvm.dll+0x179fb1]
V  [jvm.dll+0x1342b3]
V  [jvm.dll+0x133baf]
V  [jvm.dll+0x133de6]
V  [jvm.dll+0x13327a]
V  [jvm.dll+0x134f41]
V  [jvm.dll+0x226e38]
V  [jvm.dll+0x224f7c]
V  [jvm.dll+0x7e3f5b]
V  [jvm.dll+0x7de51a]
V  [jvm.dll+0x673305]
C  [ucrtbase.dll+0x21bb2]
C  [KERNEL32.DLL+0x17034]
C  [ntdll.dll+0x52651]


---------------  P R O C E S S  ---------------

Threads class SMR info:
_java_thread_list=0x00000169fad496b0, length=12, elements={
0x00000169efaf3530, 0x00000169f9f97e60, 0x00000169f9f98d10, 0x00000169fa002430,
0x00000169fa002cf0, 0x00000169fa0036a0, 0x00000169fa006060, 0x00000169fa007d50,
0x00000169fac40e30, 0x00000169fa00e070, 0x00000169fad68770, 0x00000169fad8c020
}

Java Threads: ( => current thread )
  0x00000169efaf3530 JavaThread "main" [_thread_in_Java, id=11216, stack(0x0000005f41e00000,0x0000005f41f00000)]
  0x00000169f9f97e60 JavaThread "Reference Handler" daemon [_thread_blocked, id=9956, stack(0x0000005f42500000,0x0000005f42600000)]
  0x00000169f9f98d10 JavaThread "Finalizer" daemon [_thread_blocked, id=9276, stack(0x0000005f42600000,0x0000005f42700000)]
  0x00000169fa002430 JavaThread "Signal Dispatcher" daemon [_thread_blocked, id=6200, stack(0x0000005f42800000,0x0000005f42900000)]
  0x00000169fa002cf0 JavaThread "Attach Listener" daemon [_thread_blocked, id=8680, stack(0x0000005f42900000,0x0000005f42a00000)]
  0x00000169fa0036a0 JavaThread "Service Thread" daemon [_thread_blocked, id=13724, stack(0x0000005f42a00000,0x0000005f42b00000)]
  0x00000169fa006060 JavaThread "Monitor Deflation Thread" daemon [_thread_blocked, id=11964, stack(0x0000005f42b00000,0x0000005f42c00000)]
  0x00000169fa007d50 JavaThread "C2 CompilerThread0" daemon [_thread_in_native, id=4756, stack(0x0000005f42c00000,0x0000005f42d00000)]
=>0x00000169fac40e30 JavaThread "C1 CompilerThread0" daemon [_thread_in_native, id=7772, stack(0x0000005f42d00000,0x0000005f42e00000)]
  0x00000169fa00e070 JavaThread "Sweeper thread" daemon [_thread_blocked, id=8500, stack(0x0000005f42e00000,0x0000005f42f00000)]
  0x00000169fad68770 JavaThread "Notification Thread" daemon [_thread_blocked, id=11648, stack(0x0000005f42f00000,0x0000005f43000000)]
  0x00000169fad8c020 JavaThread "Common-Cleaner" daemon [_thread_blocked, id=964, stack(0x0000005f43100000,0x0000005f43200000)]

Other Threads:
  0x00000169f9f8ede0 VMThread "VM Thread" [stack: 0x0000005f42400000,0x0000005f42500000] [id=11716]
  0x00000169f9f33be0 WatcherThread [stack: 0x0000005f43000000,0x0000005f43100000] [id=10804]
  0x00000169efb30ad0 GCTaskThread "GC Thread#0" [stack: 0x0000005f41f00000,0x0000005f42000000] [id=6616]
  0x00000169efb417f0 ConcurrentGCThread "G1 Main Marker" [stack: 0x0000005f42000000,0x0000005f42100000] [id=2928]
  0x00000169efb43210 ConcurrentGCThread "G1 Conc#0" [stack: 0x0000005f42100000,0x0000005f42200000] [id=4672]
  0x00000169efbadc40 ConcurrentGCThread "G1 Refine#0" [stack: 0x0000005f42200000,0x0000005f42300000] [id=3876]
  0x00000169efbaf510 ConcurrentGCThread "G1 Service" [stack: 0x0000005f42300000,0x0000005f42400000] [id=9648]

Threads with active compile tasks:
C2 CompilerThread0      625  420       4       java.lang.String::startsWith (138 bytes)
C1 CompilerThread0      625  401       3       java.net.URLStreamHandler::parseURL (1201 bytes)

VM state: not at safepoint (normal execution)

VM Mutex/Monitor currently owned by a thread: None

Heap address: 0x0000000084e00000, size: 1970 MB, Compressed Oops mode: 32-bit

CDS archive(s) not mapped
Compressed class space mapped at: 0x0000000100000000-0x0000000140000000, reserved size: 1073741824
Narrow klass base: 0x0000000000000000, Narrow klass shift: 3, Narrow klass range: 0x140000000

GC Precious Log:
 CPUs: 4 total, 4 available
 Memory: 7878M
 Large Page Support: Disabled
 NUMA Support: Disabled
 Compressed Oops: Enabled (32-bit)
 Heap Region Size: 1M
 Heap Min Capacity: 8M
 Heap Initial Capacity: 124M
 Heap Max Capacity: 1970M
 Pre-touch: Disabled
 Parallel Workers: 4
 Concurrent Workers: 1
 Concurrent Refinement Workers: 4
 Periodic GC: Disabled

Heap:
 garbage-first heap   total 126976K, used 6144K [0x0000000084e00000, 0x0000000100000000)
  region size 1024K, 7 young (7168K), 0 survivors (0K)
 Metaspace       used 7850K, committed 7872K, reserved 1056768K
  class space    used 696K, committed 704K, reserved 1048576K

Heap Regions: E=young(eden), S=young(survivor), O=old, HS=humongous(starts), HC=humongous(continues), CS=collection set, F=free, OA=open archive, CA=closed archive, TAMS=top-at-mark-start (previous, next)
|   0|0x0000000084e00000, 0x0000000084f00000, 0x0000000084f00000|100%|HS|  |TAMS 0x0000000084e00000, 0x0000000084e00000| Complete 
|   1|0x0000000084f00000, 0x0000000084f00000, 0x0000000085000000|  0%| F|  |TAMS 0x0000000084f00000, 0x0000000084f00000| Untracked 
|   2|0x0000000085000000, 0x0000000085000000, 0x0000000085100000|  0%| F|  |TAMS 0x0000000085000000, 0x0000000085000000| Untracked 
|   3|0x0000000085100000, 0x0000000085100000, 0x0000000085200000|  0%| F|  |TAMS 0x0000000085100000, 0x0000000085100000| Untracked 
|   4|0x0000000085200000, 0x0000000085200000, 0x0000000085300000|  0%| F|  |TAMS 0x0000000085200000, 0x0000000085200000| Untracked 
|   5|0x0000000085300000, 0x0000000085300000, 0x0000000085400000|  0%| F|  |TAMS 0x0000000085300000, 0x0000000085300000| Untracked 
|   6|0x0000000085400000, 0x0000000085400000, 0x0000000085500000|  0%| F|  |TAMS 0x0000000085400000, 0x0000000085400000| Untracked 
|   7|0x0000000085500000, 0x0000000085500000, 0x0000000085600000|  0%| F|  |TAMS 0x0000000085500000, 0x0000000085500000| Untracked 
|   8|0x0000000085600000, 0x0000000085600000, 0x0000000085700000|  0%| F|  |TAMS 0x0000000085600000, 0x0000000085600000| Untracked 
|   9|0x0000000085700000, 0x0000000085700000, 0x0000000085800000|  0%| F|  |TAMS 0x0000000085700000, 0x0000000085700000| Untracked 
|  10|0x0000000085800000, 0x0000000085800000, 0x0000000085900000|  0%| F|  |TAMS 0x0000000085800000, 0x0000000085800000| Untracked 
|  11|0x0000000085900000, 0x0000000085900000, 0x0000000085a00000|  0%| F|  |TAMS 0x0000000085900000, 0x0000000085900000| Untracked 
|  12|0x0000000085a00000, 0x0000000085a00000, 0x0000000085b00000|  0%| F|  |TAMS 0x0000000085a00000, 0x0000000085a00000| Untracked 
|  13|0x0000000085b00000, 0x0000000085b00000, 0x0000000085c00000|  0%| F|  |TAMS 0x0000000085b00000, 0x0000000085b00000| Untracked 
|  14|0x0000000085c00000, 0x0000000085c00000, 0x0000000085d00000|  0%| F|  |TAMS 0x0000000085c00000, 0x0000000085c00000| Untracked 
|  15|0x0000000085d00000, 0x0000000085d00000, 0x0000000085e00000|  0%| F|  |TAMS 0x0000000085d00000, 0x0000000085d00000| Untracked 
|  16|0x0000000085e00000, 0x0000000085e00000, 0x0000000085f00000|  0%| F|  |TAMS 0x0000000085e00000, 0x0000000085e00000| Untracked 
|  17|0x0000000085f00000, 0x0000000085f00000, 0x0000000086000000|  0%| F|  |TAMS 0x0000000085f00000, 0x0000000085f00000| Untracked 
|  18|0x0000000086000000, 0x0000000086000000, 0x0000000086100000|  0%| F|  |TAMS 0x0000000086000000, 0x0000000086000000| Untracked 
|  19|0x0000000086100000, 0x0000000086100000, 0x0000000086200000|  0%| F|  |TAMS 0x0000000086100000, 0x0000000086100000| Untracked 
|  20|0x0000000086200000, 0x0000000086200000, 0x0000000086300000|  0%| F|  |TAMS 0x0000000086200000, 0x0000000086200000| Untracked 
|  21|0x0000000086300000, 0x0000000086300000, 0x0000000086400000|  0%| F|  |TAMS 0x0000000086300000, 0x0000000086300000| Untracked 
|  22|0x0000000086400000, 0x0000000086400000, 0x0000000086500000|  0%| F|  |TAMS 0x0000000086400000, 0x0000000086400000| Untracked 
|  23|0x0000000086500000, 0x0000000086500000, 0x0000000086600000|  0%| F|  |TAMS 0x0000000086500000, 0x0000000086500000| Untracked 
|  24|0x0000000086600000, 0x0000000086600000, 0x0000000086700000|  0%| F|  |TAMS 0x0000000086600000, 0x0000000086600000| Untracked 
|  25|0x0000000086700000, 0x0000000086700000, 0x0000000086800000|  0%| F|  |TAMS 0x0000000086700000, 0x0000000086700000| Untracked 
|  26|0x0000000086800000, 0x0000000086800000, 0x0000000086900000|  0%| F|  |TAMS 0x0000000086800000, 0x0000000086800000| Untracked 
|  27|0x0000000086900000, 0x0000000086900000, 0x0000000086a00000|  0%| F|  |TAMS 0x0000000086900000, 0x0000000086900000| Untracked 
|  28|0x0000000086a00000, 0x0000000086a00000, 0x0000000086b00000|  0%| F|  |TAMS 0x0000000086a00000, 0x0000000086a00000| Untracked 
|  29|0x0000000086b00000, 0x0000000086b00000, 0x0000000086c00000|  0%| F|  |TAMS 0x0000000086b00000, 0x0000000086b00000| Untracked 
|  30|0x0000000086c00000, 0x0000000086c00000, 0x0000000086d00000|  0%| F|  |TAMS 0x0000000086c00000, 0x0000000086c00000| Untracked 
|  31|0x0000000086d00000, 0x0000000086d00000, 0x0000000086e00000|  0%| F|  |TAMS 0x0000000086d00000, 0x0000000086d00000| Untracked 
|  32|0x0000000086e00000, 0x0000000086e00000, 0x0000000086f00000|  0%| F|  |TAMS 0x0000000086e00000, 0x0000000086e00000| Untracked 
|  33|0x0000000086f00000, 0x0000000086f00000, 0x0000000087000000|  0%| F|  |TAMS 0x0000000086f00000, 0x0000000086f00000| Untracked 
|  34|0x0000000087000000, 0x0000000087000000, 0x0000000087100000|  0%| F|  |TAMS 0x0000000087000000, 0x0000000087000000| Untracked 
|  35|0x0000000087100000, 0x0000000087100000, 0x0000000087200000|  0%| F|  |TAMS 0x0000000087100000, 0x0000000087100000| Untracked 
|  36|0x0000000087200000, 0x0000000087200000, 0x0000000087300000|  0%| F|  |TAMS 0x0000000087200000, 0x0000000087200000| Untracked 
|  37|0x0000000087300000, 0x0000000087300000, 0x0000000087400000|  0%| F|  |TAMS 0x0000000087300000, 0x0000000087300000| Untracked 
|  38|0x0000000087400000, 0x0000000087400000, 0x0000000087500000|  0%| F|  |TAMS 0x0000000087400000, 0x0000000087400000| Untracked 
|  39|0x0000000087500000, 0x0000000087500000, 0x0000000087600000|  0%| F|  |TAMS 0x0000000087500000, 0x0000000087500000| Untracked 
|  40|0x0000000087600000, 0x0000000087600000, 0x0000000087700000|  0%| F|  |TAMS 0x0000000087600000, 0x0000000087600000| Untracked 
|  41|0x0000000087700000, 0x0000000087700000, 0x0000000087800000|  0%| F|  |TAMS 0x0000000087700000, 0x0000000087700000| Untracked 
|  42|0x0000000087800000, 0x0000000087800000, 0x0000000087900000|  0%| F|  |TAMS 0x0000000087800000, 0x0000000087800000| Untracked 
|  43|0x0000000087900000, 0x0000000087900000, 0x0000000087a00000|  0%| F|  |TAMS 0x0000000087900000, 0x0000000087900000| Untracked 
|  44|0x0000000087a00000, 0x0000000087a00000, 0x0000000087b00000|  0%| F|  |TAMS 0x0000000087a00000, 0x0000000087a00000| Untracked 
|  45|0x0000000087b00000, 0x0000000087b00000, 0x0000000087c00000|  0%| F|  |TAMS 0x0000000087b00000, 0x0000000087b00000| Untracked 
|  46|0x0000000087c00000, 0x0000000087c00000, 0x0000000087d00000|  0%| F|  |TAMS 0x0000000087c00000, 0x0000000087c00000| Untracked 
|  47|0x0000000087d00000, 0x0000000087d00000, 0x0000000087e00000|  0%| F|  |TAMS 0x0000000087d00000, 0x0000000087d00000| Untracked 
|  48|0x0000000087e00000, 0x0000000087e00000, 0x0000000087f00000|  0%| F|  |TAMS 0x0000000087e00000, 0x0000000087e00000| Untracked 
|  49|0x0000000087f00000, 0x0000000087f00000, 0x0000000088000000|  0%| F|  |TAMS 0x0000000087f00000, 0x0000000087f00000| Untracked 
|  50|0x0000000088000000, 0x0000000088000000, 0x0000000088100000|  0%| F|  |TAMS 0x0000000088000000, 0x0000000088000000| Untracked 
|  51|0x0000000088100000, 0x0000000088100000, 0x0000000088200000|  0%| F|  |TAMS 0x0000000088100000, 0x0000000088100000| Untracked 
|  52|0x0000000088200000, 0x0000000088200000, 0x0000000088300000|  0%| F|  |TAMS 0x0000000088200000, 0x0000000088200000| Untracked 
|  53|0x0000000088300000, 0x0000000088300000, 0x0000000088400000|  0%| F|  |TAMS 0x0000000088300000, 0x0000000088300000| Untracked 
|  54|0x0000000088400000, 0x0000000088400000, 0x0000000088500000|  0%| F|  |TAMS 0x0000000088400000, 0x0000000088400000| Untracked 
|  55|0x0000000088500000, 0x0000000088500000, 0x0000000088600000|  0%| F|  |TAMS 0x0000000088500000, 0x0000000088500000| Untracked 
|  56|0x0000000088600000, 0x0000000088600000, 0x0000000088700000|  0%| F|  |TAMS 0x0000000088600000, 0x0000000088600000| Untracked 
|  57|0x0000000088700000, 0x0000000088700000, 0x0000000088800000|  0%| F|  |TAMS 0x0000000088700000, 0x0000000088700000| Untracked 
|  58|0x0000000088800000, 0x0000000088800000, 0x0000000088900000|  0%| F|  |TAMS 0x0000000088800000, 0x0000000088800000| Untracked 
|  59|0x0000000088900000, 0x0000000088900000, 0x0000000088a00000|  0%| F|  |TAMS 0x0000000088900000, 0x0000000088900000| Untracked 
|  60|0x0000000088a00000, 0x0000000088a00000, 0x0000000088b00000|  0%| F|  |TAMS 0x0000000088a00000, 0x0000000088a00000| Untracked 
|  61|0x0000000088b00000, 0x0000000088b00000, 0x0000000088c00000|  0%| F|  |TAMS 0x0000000088b00000, 0x0000000088b00000| Untracked 
|  62|0x0000000088c00000, 0x0000000088c00000, 0x0000000088d00000|  0%| F|  |TAMS 0x0000000088c00000, 0x0000000088c00000| Untracked 
|  63|0x0000000088d00000, 0x0000000088d00000, 0x0000000088e00000|  0%| F|  |TAMS 0x0000000088d00000, 0x0000000088d00000| Untracked 
|  64|0x0000000088e00000, 0x0000000088e00000, 0x0000000088f00000|  0%| F|  |TAMS 0x0000000088e00000, 0x0000000088e00000| Untracked 
|  65|0x0000000088f00000, 0x0000000088f00000, 0x0000000089000000|  0%| F|  |TAMS 0x0000000088f00000, 0x0000000088f00000| Untracked 
|  66|0x0000000089000000, 0x0000000089000000, 0x0000000089100000|  0%| F|  |TAMS 0x0000000089000000, 0x0000000089000000| Untracked 
|  67|0x0000000089100000, 0x0000000089100000, 0x0000000089200000|  0%| F|  |TAMS 0x0000000089100000, 0x0000000089100000| Untracked 
|  68|0x0000000089200000, 0x0000000089200000, 0x0000000089300000|  0%| F|  |TAMS 0x0000000089200000, 0x0000000089200000| Untracked 
|  69|0x0000000089300000, 0x0000000089300000, 0x0000000089400000|  0%| F|  |TAMS 0x0000000089300000, 0x0000000089300000| Untracked 
|  70|0x0000000089400000, 0x0000000089400000, 0x0000000089500000|  0%| F|  |TAMS 0x0000000089400000, 0x0000000089400000| Untracked 
|  71|0x0000000089500000, 0x0000000089500000, 0x0000000089600000|  0%| F|  |TAMS 0x0000000089500000, 0x0000000089500000| Untracked 
|  72|0x0000000089600000, 0x0000000089600000, 0x0000000089700000|  0%| F|  |TAMS 0x0000000089600000, 0x0000000089600000| Untracked 
|  73|0x0000000089700000, 0x0000000089700000, 0x0000000089800000|  0%| F|  |TAMS 0x0000000089700000, 0x0000000089700000| Untracked 
|  74|0x0000000089800000, 0x0000000089800000, 0x0000000089900000|  0%| F|  |TAMS 0x0000000089800000, 0x0000000089800000| Untracked 
|  75|0x0000000089900000, 0x0000000089900000, 0x0000000089a00000|  0%| F|  |TAMS 0x0000000089900000, 0x0000000089900000| Untracked 
|  76|0x0000000089a00000, 0x0000000089a00000, 0x0000000089b00000|  0%| F|  |TAMS 0x0000000089a00000, 0x0000000089a00000| Untracked 
|  77|0x0000000089b00000, 0x0000000089b00000, 0x0000000089c00000|  0%| F|  |TAMS 0x0000000089b00000, 0x0000000089b00000| Untracked 
|  78|0x0000000089c00000, 0x0000000089c00000, 0x0000000089d00000|  0%| F|  |TAMS 0x0000000089c00000, 0x0000000089c00000| Untracked 
|  79|0x0000000089d00000, 0x0000000089d00000, 0x0000000089e00000|  0%| F|  |TAMS 0x0000000089d00000, 0x0000000089d00000| Untracked 
|  80|0x0000000089e00000, 0x0000000089e00000, 0x0000000089f00000|  0%| F|  |TAMS 0x0000000089e00000, 0x0000000089e00000| Untracked 
|  81|0x0000000089f00000, 0x0000000089f00000, 0x000000008a000000|  0%| F|  |TAMS 0x0000000089f00000, 0x0000000089f00000| Untracked 
|  82|0x000000008a000000, 0x000000008a000000, 0x000000008a100000|  0%| F|  |TAMS 0x000000008a000000, 0x000000008a000000| Untracked 
|  83|0x000000008a100000, 0x000000008a100000, 0x000000008a200000|  0%| F|  |TAMS 0x000000008a100000, 0x000000008a100000| Untracked 
|  84|0x000000008a200000, 0x000000008a200000, 0x000000008a300000|  0%| F|  |TAMS 0x000000008a200000, 0x000000008a200000| Untracked 
|  85|0x000000008a300000, 0x000000008a300000, 0x000000008a400000|  0%| F|  |TAMS 0x000000008a300000, 0x000000008a300000| Untracked 
|  86|0x000000008a400000, 0x000000008a400000, 0x000000008a500000|  0%| F|  |TAMS 0x000000008a400000, 0x000000008a400000| Untracked 
|  87|0x000000008a500000, 0x000000008a500000, 0x000000008a600000|  0%| F|  |TAMS 0x000000008a500000, 0x000000008a500000| Untracked 
|  88|0x000000008a600000, 0x000000008a600000, 0x000000008a700000|  0%| F|  |TAMS 0x000000008a600000, 0x000000008a600000| Untracked 
|  89|0x000000008a700000, 0x000000008a700000, 0x000000008a800000|  0%| F|  |TAMS 0x000000008a700000, 0x000000008a700000| Untracked 
|  90|0x000000008a800000, 0x000000008a800000, 0x000000008a900000|  0%| F|  |TAMS 0x000000008a800000, 0x000000008a800000| Untracked 
|  91|0x000000008a900000, 0x000000008a900000, 0x000000008aa00000|  0%| F|  |TAMS 0x000000008a900000, 0x000000008a900000| Untracked 
|  92|0x000000008aa00000, 0x000000008aa00000, 0x000000008ab00000|  0%| F|  |TAMS 0x000000008aa00000, 0x000000008aa00000| Untracked 
|  93|0x000000008ab00000, 0x000000008ab00000, 0x000000008ac00000|  0%| F|  |TAMS 0x000000008ab00000, 0x000000008ab00000| Untracked 
|  94|0x000000008ac00000, 0x000000008ac00000, 0x000000008ad00000|  0%| F|  |TAMS 0x000000008ac00000, 0x000000008ac00000| Untracked 
|  95|0x000000008ad00000, 0x000000008ad00000, 0x000000008ae00000|  0%| F|  |TAMS 0x000000008ad00000, 0x000000008ad00000| Untracked 
|  96|0x000000008ae00000, 0x000000008ae00000, 0x000000008af00000|  0%| F|  |TAMS 0x000000008ae00000, 0x000000008ae00000| Untracked 
|  97|0x000000008af00000, 0x000000008af00000, 0x000000008b000000|  0%| F|  |TAMS 0x000000008af00000, 0x000000008af00000| Untracked 
|  98|0x000000008b000000, 0x000000008b000000, 0x000000008b100000|  0%| F|  |TAMS 0x000000008b000000, 0x000000008b000000| Untracked 
|  99|0x000000008b100000, 0x000000008b100000, 0x000000008b200000|  0%| F|  |TAMS 0x000000008b100000, 0x000000008b100000| Untracked 
| 100|0x000000008b200000, 0x000000008b200000, 0x000000008b300000|  0%| F|  |TAMS 0x000000008b200000, 0x000000008b200000| Untracked 
| 101|0x000000008b300000, 0x000000008b300000, 0x000000008b400000|  0%| F|  |TAMS 0x000000008b300000, 0x000000008b300000| Untracked 
| 102|0x000000008b400000, 0x000000008b400000, 0x000000008b500000|  0%| F|  |TAMS 0x000000008b400000, 0x000000008b400000| Untracked 
| 103|0x000000008b500000, 0x000000008b500000, 0x000000008b600000|  0%| F|  |TAMS 0x000000008b500000, 0x000000008b500000| Untracked 
| 104|0x000000008b600000, 0x000000008b600000, 0x000000008b700000|  0%| F|  |TAMS 0x000000008b600000, 0x000000008b600000| Untracked 
| 105|0x000000008b700000, 0x000000008b700000, 0x000000008b800000|  0%| F|  |TAMS 0x000000008b700000, 0x000000008b700000| Untracked 
| 106|0x000000008b800000, 0x000000008b800000, 0x000000008b900000|  0%| F|  |TAMS 0x000000008b800000, 0x000000008b800000| Untracked 
| 107|0x000000008b900000, 0x000000008b900000, 0x000000008ba00000|  0%| F|  |TAMS 0x000000008b900000, 0x000000008b900000| Untracked 
| 108|0x000000008ba00000, 0x000000008ba00000, 0x000000008bb00000|  0%| F|  |TAMS 0x000000008ba00000, 0x000000008ba00000| Untracked 
| 109|0x000000008bb00000, 0x000000008bb00000, 0x000000008bc00000|  0%| F|  |TAMS 0x000000008bb00000, 0x000000008bb00000| Untracked 
| 110|0x000000008bc00000, 0x000000008bc00000, 0x000000008bd00000|  0%| F|  |TAMS 0x000000008bc00000, 0x000000008bc00000| Untracked 
| 111|0x000000008bd00000, 0x000000008bd00000, 0x000000008be00000|  0%| F|  |TAMS 0x000000008bd00000, 0x000000008bd00000| Untracked 
| 112|0x000000008be00000, 0x000000008be00000, 0x000000008bf00000|  0%| F|  |TAMS 0x000000008be00000, 0x000000008be00000| Untracked 
| 113|0x000000008bf00000, 0x000000008bf00000, 0x000000008c000000|  0%| F|  |TAMS 0x000000008bf00000, 0x000000008bf00000| Untracked 
| 114|0x000000008c000000, 0x000000008c000000, 0x000000008c100000|  0%| F|  |TAMS 0x000000008c000000, 0x000000008c000000| Untracked 
| 115|0x000000008c100000, 0x000000008c100000, 0x000000008c200000|  0%| F|  |TAMS 0x000000008c100000, 0x000000008c100000| Untracked 
| 116|0x000000008c200000, 0x000000008c200000, 0x000000008c300000|  0%| F|  |TAMS 0x000000008c200000, 0x000000008c200000| Untracked 
| 117|0x000000008c300000, 0x000000008c3c8558, 0x000000008c400000| 78%| E|  |TAMS 0x000000008c300000, 0x000000008c300000| Complete 
| 118|0x000000008c400000, 0x000000008c500000, 0x000000008c500000|100%| E|CS|TAMS 0x000000008c400000, 0x000000008c400000| Complete 
| 119|0x000000008c500000, 0x000000008c600000, 0x000000008c600000|100%| E|  |TAMS 0x000000008c500000, 0x000000008c500000| Complete 
| 120|0x000000008c600000, 0x000000008c700000, 0x000000008c700000|100%| E|CS|TAMS 0x000000008c600000, 0x000000008c600000| Complete 
| 121|0x000000008c700000, 0x000000008c800000, 0x000000008c800000|100%| E|CS|TAMS 0x000000008c700000, 0x000000008c700000| Complete 
| 122|0x000000008c800000, 0x000000008c900000, 0x000000008c900000|100%| E|CS|TAMS 0x000000008c800000, 0x000000008c800000| Complete 
| 123|0x000000008c900000, 0x000000008ca00000, 0x000000008ca00000|100%| E|CS|TAMS 0x000000008c900000, 0x000000008c900000| Complete 

Card table byte_map: [0x00000169f3580000,0x00000169f3960000] _byte_map_base: 0x00000169f3159000

Marking Bits (Prev, Next): (CMBitMap*) 0x00000169efb310e0, (CMBitMap*) 0x00000169efb31120
 Prev Bits: [0x00000169f3d40000, 0x00000169f5c08000)
 Next Bits: [0x00000169f5c10000, 0x00000169f7ad8000)

Polling page: 0x00000169ed940000

Metaspace:

Usage:
  Non-class:      6.99 MB used.
      Class:    697.10 KB used.
       Both:      7.67 MB used.

Virtual space:
  Non-class space:        8.00 MB reserved,       7.00 MB ( 88%) committed,  1 nodes.
      Class space:        1.00 GB reserved,     704.00 KB ( <1%) committed,  1 nodes.
             Both:        1.01 GB reserved,       7.69 MB ( <1%) committed. 

Chunk freelists:
   Non-Class:  704.00 KB
       Class:  3.19 MB
        Both:  3.88 MB

MaxMetaspaceSize: unlimited
CompressedClassSpaceSize: 1.00 GB
Initial GC threshold: 21.00 MB
Current GC threshold: 21.00 MB
CDS: off
MetaspaceReclaimPolicy: balanced
 - commit_granule_bytes: 65536.
 - commit_granule_words: 8192.
 - virtual_space_node_default_size: 1048576.
 - enlarge_chunks_in_place: 1.
 - new_chunks_are_fully_committed: 0.
 - uncommit_free_chunks: 1.
 - use_allocation_guard: 0.
 - handle_deallocations: 1.


Internal statistics:

num_allocs_failed_limit: 0.
num_arena_births: 12.
num_arena_deaths: 0.
num_vsnodes_births: 2.
num_vsnodes_deaths: 0.
num_space_committed: 123.
num_space_uncommitted: 0.
num_chunks_returned_to_freelist: 0.
num_chunks_taken_from_freelist: 63.
num_chunk_merges: 0.
num_chunk_splits: 31.
num_chunks_enlarged: 20.
num_purges: 0.
num_inconsistent_stats: 0.

CodeHeap 'non-profiled nmethods': size=120000Kb used=124Kb max_used=124Kb free=119875Kb
 bounds [0x0000016987ad0000, 0x0000016987d40000, 0x000001698f000000]
CodeHeap 'profiled nmethods': size=120000Kb used=600Kb max_used=600Kb free=119399Kb
 bounds [0x00000169805a0000, 0x0000016980810000, 0x0000016987ad0000]
CodeHeap 'non-nmethods': size=5760Kb used=1104Kb max_used=1118Kb free=4656Kb
 bounds [0x0000016980000000, 0x0000016980270000, 0x00000169805a0000]
 total_blobs=786 nmethods=408 adapters=291
 compilation: enabled
              stopped_count=0, restarted_count=0
 full_count=0

Compilation events (20 events):
Event: 0.554 Thread 0x00000169fac40e30 nmethod 392 0x0000016980632b90 code [0x0000016980632d20, 0x0000016980632e18]
Event: 0.555 Thread 0x00000169fac40e30  393   !   3       java.util.WeakHashMap::expungeStaleEntries (139 bytes)
Event: 0.555 Thread 0x00000169fac40e30 nmethod 393 0x0000016980632e90 code [0x00000169806330a0, 0x0000016980633a68]
Event: 0.558 Thread 0x00000169fac40e30  394       3       java.lang.String::getChars (54 bytes)
Event: 0.558 Thread 0x00000169fa007d50 nmethod 388% 0x0000016987aec410 code [0x0000016987aec5a0, 0x0000016987aec918]
Event: 0.558 Thread 0x00000169fac40e30 nmethod 394 0x0000016980633f10 code [0x0000016980634100, 0x0000016980634578]
Event: 0.558 Thread 0x00000169fac40e30  395       3       java.lang.StringLatin1::getChars (12 bytes)
Event: 0.558 Thread 0x00000169fac40e30 nmethod 395 0x0000016980634790 code [0x0000016980634920, 0x0000016980634a48]
Event: 0.558 Thread 0x00000169fac40e30  396       1       java.nio.HeapByteBuffer::isDirect (2 bytes)
Event: 0.559 Thread 0x00000169fac40e30 nmethod 396 0x0000016987aecb90 code [0x0000016987aecd20, 0x0000016987aecdf8]
Event: 0.559 Thread 0x00000169fac40e30  397       3       java.lang.String::indexOf (64 bytes)
Event: 0.560 Thread 0x00000169fac40e30 nmethod 397 0x0000016980634b10 code [0x0000016980634d20, 0x00000169806351e8]
Event: 0.560 Thread 0x00000169fac40e30  398       3       java.lang.StringLatin1::indexOf (25 bytes)
Event: 0.560 Thread 0x00000169fac40e30 nmethod 398 0x0000016980635390 code [0x0000016980635540, 0x0000016980635748]
Event: 0.560 Thread 0x00000169fac40e30  399       3       java.lang.StringUTF16::compress (20 bytes)
Event: 0.560 Thread 0x00000169fac40e30 nmethod 399 0x0000016980635810 code [0x00000169806359c0, 0x0000016980635c08]
Event: 0.560 Thread 0x00000169fac40e30  400       3       sun.net.www.protocol.file.Handler::parseURL (18 bytes)
Event: 0.560 Thread 0x00000169fac40e30 nmethod 400 0x0000016980635d10 code [0x0000016980635ec0, 0x0000016980636078]
Event: 0.560 Thread 0x00000169fac40e30  401       3       java.net.URLStreamHandler::parseURL (1201 bytes)
Event: 0.570 Thread 0x00000169fa007d50  407       4       java.lang.StringLatin1::indexOf (121 bytes)

GC Heap History (0 events):
No events

Deoptimization events (14 events):
Event: 0.380 Thread 0x00000169efaf3530 DEOPT PACKING pc=0x00000169805b70e7 sp=0x0000005f41efe080
Event: 0.380 Thread 0x00000169efaf3530 DEOPT UNPACKING pc=0x0000016980052b43 sp=0x0000005f41efd4a0 mode 0
Event: 0.408 Thread 0x00000169efaf3530 DEOPT PACKING pc=0x00000169805a7c51 sp=0x0000005f41efdfb0
Event: 0.408 Thread 0x00000169efaf3530 DEOPT UNPACKING pc=0x0000016980052b43 sp=0x0000005f41efd428 mode 0
Event: 0.509 Thread 0x00000169efaf3530 Uncommon trap: trap_request=0xffffff45 fr.pc=0x0000016987ae0f04 relative=0x00000000000001e4
Event: 0.509 Thread 0x00000169efaf3530 Uncommon trap: reason=unstable_if action=reinterpret pc=0x0000016987ae0f04 method=java.lang.String.startsWith(Ljava/lang/String;I)Z @ 1 c2
Event: 0.509 Thread 0x00000169efaf3530 DEOPT PACKING pc=0x0000016987ae0f04 sp=0x0000005f41efe650
Event: 0.509 Thread 0x00000169efaf3530 DEOPT UNPACKING pc=0x00000169800523a3 sp=0x0000005f41efe5b8 mode 2
Event: 0.544 Thread 0x00000169efaf3530 Uncommon trap: trap_request=0xffffff45 fr.pc=0x0000016987aea764 relative=0x0000000000000064
Event: 0.544 Thread 0x00000169efaf3530 Uncommon trap: reason=unstable_if action=reinterpret pc=0x0000016987aea764 method=java.io.WinNTFileSystem.isSlash(C)Z @ 9 c2
Event: 0.544 Thread 0x00000169efaf3530 DEOPT PACKING pc=0x0000016987aea764 sp=0x0000005f41efea00
Event: 0.544 Thread 0x00000169efaf3530 DEOPT UNPACKING pc=0x00000169800523a3 sp=0x0000005f41efe988 mode 2
Event: 0.570 Thread 0x00000169efaf3530 DEOPT PACKING pc=0x00000169805c5265 sp=0x0000005f41efd730
Event: 0.570 Thread 0x00000169efaf3530 DEOPT UNPACKING pc=0x0000016980052b43 sp=0x0000005f41efcb80 mode 0

Classes unloaded (0 events):
No events

Classes redefined (0 events):
No events

Internal exceptions (0 events):
No events

VM Operations (4 events):
Event: 0.208 Executing VM operation: HandshakeAllThreads
Event: 0.208 Executing VM operation: HandshakeAllThreads done
Event: 0.544 Executing VM operation: HandshakeAllThreads
Event: 0.544 Executing VM operation: HandshakeAllThreads done

Events (20 events):
Event: 0.545 loading class sun/net/www/protocol/jar/URLJarFile$URLJarFileEntry
Event: 0.545 loading class sun/net/www/protocol/jar/URLJarFile$URLJarFileEntry done
Event: 0.545 loading class sun/net/www/protocol/jar/JarURLConnection$JarURLInputStream
Event: 0.545 loading class sun/net/www/protocol/jar/JarURLConnection$JarURLInputStream done
Event: 0.547 loading class java/util/ServiceLoader$1
Event: 0.547 loading class java/util/ServiceLoader$1 done
Event: 0.547 loading class java/util/ServiceLoader$ProviderImpl
Event: 0.547 loading class java/util/ServiceLoader$Provider
Event: 0.547 loading class java/util/ServiceLoader$Provider done
Event: 0.547 loading class java/util/ServiceLoader$ProviderImpl done
Event: 0.552 loading class java/util/Arrays$LegacyMergeSort
Event: 0.552 loading class java/util/Arrays$LegacyMergeSort done
Event: 0.552 loading class java/util/TimSort
Event: 0.552 loading class java/util/TimSort done
Event: 0.563 loading class java/util/concurrent/BlockingQueue
Event: 0.563 loading class java/util/concurrent/BlockingQueue done
Event: 0.564 loading class java/net/URLClassLoader
Event: 0.565 loading class java/net/URLClassLoader done
Event: 0.571 loading class java/io/ByteArrayOutputStream
Event: 0.572 loading class java/io/ByteArrayOutputStream done


Dynamic libraries:
0x00007ff66fa60000 - 0x00007ff66fa6e000 	C:\Users\User\.p2\pool\plugins\org.eclipse.justj.openjdk.hotspot.jre.full.win32.x86_64_17.0.1.v20211116-1657\jre\bin\javaw.exe
0x00007ffdd2f90000 - 0x00007ffdd3185000 	C:\Windows\SYSTEM32\ntdll.dll
0x00007ffdd2890000 - 0x00007ffdd294e000 	C:\Windows\System32\KERNEL32.DLL
0x00007ffdd0730000 - 0x00007ffdd09f8000 	C:\Windows\System32\KERNELBASE.dll
0x00007ffdd0dd0000 - 0x00007ffdd0ed0000 	C:\Windows\System32\ucrtbase.dll
0x00007ffdcb630000 - 0x00007ffdcb649000 	C:\Users\User\.p2\pool\plugins\org.eclipse.justj.openjdk.hotspot.jre.full.win32.x86_64_17.0.1.v20211116-1657\jre\bin\VCRUNTIME140.dll
0x00007ffdcb5b0000 - 0x00007ffdcb5c8000 	C:\Users\User\.p2\pool\plugins\org.eclipse.justj.openjdk.hotspot.jre.full.win32.x86_64_17.0.1.v20211116-1657\jre\bin\jli.dll
0x00007ffdbd0f0000 - 0x00007ffdbd38a000 	C:\Windows\WinSxS\amd64_microsoft.windows.common-controls_6595b64144ccf1df_6.0.19041.1110_none_60b5254171f9507e\COMCTL32.dll
0x00007ffdd1650000 - 0x00007ffdd16ee000 	C:\Windows\System32\msvcrt.dll
0x00007ffdd1820000 - 0x00007ffdd184b000 	C:\Windows\System32\GDI32.dll
0x00007ffdd0b60000 - 0x00007ffdd0b82000 	C:\Windows\System32\win32u.dll
0x00007ffdd0ed0000 - 0x00007ffdd0fdd000 	C:\Windows\System32\gdi32full.dll
0x00007ffdd0d00000 - 0x00007ffdd0d9d000 	C:\Windows\System32\msvcp_win.dll
0x00007ffdd26e0000 - 0x00007ffdd2880000 	C:\Windows\System32\USER32.dll
0x00007ffdd2e70000 - 0x00007ffdd2ea0000 	C:\Windows\System32\IMM32.DLL
0x00007ffdcb8f0000 - 0x00007ffdcb8fc000 	C:\Users\User\.p2\pool\plugins\org.eclipse.justj.openjdk.hotspot.jre.full.win32.x86_64_17.0.1.v20211116-1657\jre\bin\vcruntime140_1.dll
0x00007ffdc39c0000 - 0x00007ffdc3a51000 	C:\Users\User\.p2\pool\plugins\org.eclipse.justj.openjdk.hotspot.jre.full.win32.x86_64_17.0.1.v20211116-1657\jre\bin\msvcp140.dll
0x00007ffd880d0000 - 0x00007ffd88d16000 	C:\Users\User\.p2\pool\plugins\org.eclipse.justj.openjdk.hotspot.jre.full.win32.x86_64_17.0.1.v20211116-1657\jre\bin\server\jvm.dll
0x00007ffdd1850000 - 0x00007ffdd18fe000 	C:\Windows\System32\ADVAPI32.dll
0x00007ffdd2cb0000 - 0x00007ffdd2d4c000 	C:\Windows\System32\sechost.dll
0x00007ffdd0fe0000 - 0x00007ffdd1105000 	C:\Windows\System32\RPCRT4.dll
0x00007ffdd22e0000 - 0x00007ffdd22e8000 	C:\Windows\System32\PSAPI.DLL
0x00007ffdbe250000 - 0x00007ffdbe259000 	C:\Windows\SYSTEM32\WSOCK32.dll
0x00007ffdd2600000 - 0x00007ffdd266b000 	C:\Windows\System32\WS2_32.dll
0x00007ffdbe6d0000 - 0x00007ffdbe6f7000 	C:\Windows\SYSTEM32\WINMM.dll
0x00007ffdc6640000 - 0x00007ffdc664a000 	C:\Windows\SYSTEM32\VERSION.dll
0x00007ffdce4b0000 - 0x00007ffdce4c2000 	C:\Windows\SYSTEM32\kernel.appcore.dll
0x00007ffdc6330000 - 0x00007ffdc633a000 	C:\Users\User\.p2\pool\plugins\org.eclipse.justj.openjdk.hotspot.jre.full.win32.x86_64_17.0.1.v20211116-1657\jre\bin\jimage.dll
0x00007ffdc8ff0000 - 0x00007ffdc91d4000 	C:\Windows\SYSTEM32\DBGHELP.DLL
0x00007ffdc8fc0000 - 0x00007ffdc8fec000 	C:\Windows\SYSTEM32\dbgcore.DLL
0x00007ffdd06a0000 - 0x00007ffdd0722000 	C:\Windows\System32\bcryptPrimitives.dll
0x00007ffd904f0000 - 0x00007ffd90515000 	C:\Users\User\.p2\pool\plugins\org.eclipse.justj.openjdk.hotspot.jre.full.win32.x86_64_17.0.1.v20211116-1657\jre\bin\java.dll
0x00007ffd904d0000 - 0x00007ffd904e8000 	C:\Users\User\.p2\pool\plugins\org.eclipse.justj.openjdk.hotspot.jre.full.win32.x86_64_17.0.1.v20211116-1657\jre\bin\zip.dll
0x00007ffdd1ae0000 - 0x00007ffdd2224000 	C:\Windows\System32\SHELL32.dll
0x00007ffdce790000 - 0x00007ffdcef24000 	C:\Windows\SYSTEM32\windows.storage.dll
0x00007ffdd2950000 - 0x00007ffdd2ca5000 	C:\Windows\System32\combase.dll
0x00007ffdd00f0000 - 0x00007ffdd011e000 	C:\Windows\SYSTEM32\Wldp.dll
0x00007ffdd2230000 - 0x00007ffdd22dd000 	C:\Windows\System32\SHCORE.dll
0x00007ffdd17c0000 - 0x00007ffdd1815000 	C:\Windows\System32\shlwapi.dll
0x00007ffdd05e0000 - 0x00007ffdd05ff000 	C:\Windows\SYSTEM32\profapi.dll
0x00007ffd904b0000 - 0x00007ffd904c9000 	C:\Users\User\.p2\pool\plugins\org.eclipse.justj.openjdk.hotspot.jre.full.win32.x86_64_17.0.1.v20211116-1657\jre\bin\net.dll
0x00007ffdc5f80000 - 0x00007ffdc608c000 	C:\Windows\SYSTEM32\WINHTTP.dll
0x00007ffdcfe50000 - 0x00007ffdcfeba000 	C:\Windows\system32\mswsock.dll
0x00007ffd90490000 - 0x00007ffd904a5000 	C:\Users\User\.p2\pool\plugins\org.eclipse.justj.openjdk.hotspot.jre.full.win32.x86_64_17.0.1.v20211116-1657\jre\bin\nio.dll

dbghelp: loaded successfully - version: 4.0.5 - missing functions: none
symbol engine: initialized successfully - sym options: 0x614 - pdb path: .;C:\Users\User\.p2\pool\plugins\org.eclipse.justj.openjdk.hotspot.jre.full.win32.x86_64_17.0.1.v20211116-1657\jre\bin;C:\Windows\SYSTEM32;C:\Windows\WinSxS\amd64_microsoft.windows.common-controls_6595b64144ccf1df_6.0.19041.1110_none_60b5254171f9507e;C:\Users\User\.p2\pool\plugins\org.eclipse.justj.openjdk.hotspot.jre.full.win32.x86_64_17.0.1.v20211116-1657\jre\bin\server

VM Arguments:
jvm_args: -ea -Dfile.encoding=Cp1252 -XX:+ShowCodeDetailsInExceptionMessages 
java_command: org.testng.remote.RemoteTestNG -serport 52091 -protocol json -d C:\SELENIUM\comCastseleniumFramework-SDET30\test-output C:\Users\User\AppData\Local\Temp\testng-eclipse-574924560\testng-customsuite.xml
java_class_path (initial): C:\Users\User\eclipse\java-2021-124\eclipse\configuration\org.eclipse.osgi\432\0\.cp\lib\testng-remote.jar;C:\SELENIUM\comCastseleniumFramework-SDET30\target\test-classes;C:\SELENIUM\comCastseleniumFramework-SDET30\target\classes;C:\Users\User\.p2\pool\plugins\org.testng_7.4.0.r202105021533.jar;C:\Users\User\.p2\pool\plugins\com.beust.jcommander_1.78.0.jar;C:\Users\User\.p2\pool\plugins\org.apache-extras.beanshell.bsh_2.0.0.b6.jar;C:\Users\User\.p2\pool\plugins\org.yaml.snakeyaml_1.21.0.jar;C:\Users\User\.p2\pool\plugins\org.webjars.jquery_3.5.1.jar;C:\Users\User\.m2\repository\org\seleniumhq\selenium\selenium-java\3.141.59\selenium-java-3.141.59.jar;C:\Users\User\.m2\repository\org\seleniumhq\selenium\selenium-api\3.141.59\selenium-api-3.141.59.jar;C:\Users\User\.m2\repository\org\seleniumhq\selenium\selenium-chrome-driver\3.141.59\selenium-chrome-driver-3.141.59.jar;C:\Users\User\.m2\repository\org\seleniumhq\selenium\selenium-edge-driver\3.141.59\selenium-edge-driver-3.141.59.jar;C:\Users\User\.m2\repository\org\seleniumhq\selenium\selenium-firefox-driver\3.141.59\selenium-firefox-driver-3.141.59.jar;C:\Users\User\.m2\repository\org\seleniumhq\selenium\selenium-ie-driver\3.141.59\selenium-ie-driver-3.141.59.jar;C:\Users\User\.m2\repository\org\seleniumhq\selenium\selenium-opera-driver\3.141.59\selenium-opera-driver-3.141.59.jar;C:\Users\User\.m2\repository\org\seleniumhq\selenium\selenium-remote-driver\3.141.59\selenium-remote-driver-3.141.59.jar;C:\Users\User\.m2\repository\org\seleniumhq\selenium\selenium-safari-driver\3.141.59\selenium-safari-driver-3.141.59.jar;C:\Users\User\.m2\repository\org\seleniumhq\selenium\selenium-support\3.141.59\selenium-support-3.141.59.jar;C:\Users\User\.m2\repository\net\bytebuddy\byte-buddy\1.8.15\byte-buddy-1.8.15.jar;C:\Users\User\.m2\repository\org\apache\commons\commons-exec\1.3\commons-exec-1.3.jar;C:\Users\User\.m2\repository\com\google\guava\guava\25.0-jre\guava-25.0-jre.jar;C:\Users\User\.m2\
Launcher Type: SUN_STANDARD

[Global flags]
     intx CICompilerCount                          = 3                                         {product} {ergonomic}
     uint ConcGCThreads                            = 1                                         {product} {ergonomic}
     uint G1ConcRefinementThreads                  = 4                                         {product} {ergonomic}
   size_t G1HeapRegionSize                         = 1048576                                   {product} {ergonomic}
    uintx GCDrainStackTargetSize                   = 64                                        {product} {ergonomic}
   size_t InitialHeapSize                          = 130023424                                 {product} {ergonomic}
   size_t MarkStackSize                            = 4194304                                   {product} {ergonomic}
   size_t MaxHeapSize                              = 2065694720                                {product} {ergonomic}
   size_t MaxNewSize                               = 1239416832                                {product} {ergonomic}
   size_t MinHeapDeltaBytes                        = 1048576                                   {product} {ergonomic}
   size_t MinHeapSize                              = 8388608                                   {product} {ergonomic}
    uintx NonNMethodCodeHeapSize                   = 5832780                                {pd product} {ergonomic}
    uintx NonProfiledCodeHeapSize                  = 122912730                              {pd product} {ergonomic}
    uintx ProfiledCodeHeapSize                     = 122912730                              {pd product} {ergonomic}
    uintx ReservedCodeCacheSize                    = 251658240                              {pd product} {ergonomic}
     bool SegmentedCodeCache                       = true                                      {product} {ergonomic}
     bool ShowCodeDetailsInExceptionMessages       = true                                   {manageable} {command line}
   size_t SoftMaxHeapSize                          = 2065694720                             {manageable} {ergonomic}
     bool UseCompressedClassPointers               = true                           {product lp64_product} {ergonomic}
     bool UseCompressedOops                        = true                           {product lp64_product} {ergonomic}
     bool UseG1GC                                  = true                                      {product} {ergonomic}
     bool UseLargePagesIndividualAllocation        = false                                  {pd product} {ergonomic}

Logging:
Log output configuration:
 #0: stdout all=warning uptime,level,tags
 #1: stderr all=off uptime,level,tags

Environment Variables:
JAVA_HOME=C:\Program Files\Java\jdk1.8.0_181
PATH=C:/Users/User/.p2/pool/plugins/org.eclipse.justj.openjdk.hotspot.jre.full.win32.x86_64_17.0.1.v20211116-1657/jre/bin/server;C:/Users/User/.p2/pool/plugins/org.eclipse.justj.openjdk.hotspot.jre.full.win32.x86_64_17.0.1.v20211116-1657/jre/bin;C:\Program Files\Java\jdk1.8.0_181\bin;C:\Program Files\Java\jdk1.8.0_181\bin;C:\Windows\system32;C:\Windows;C:\Windows\System32\Wbem;C:\Windows\System32\WindowsPowerShell\v1.0\;C:\Windows\System32\OpenSSH\;C:\Users\User\Downloads\apache-maven-3.8.4-bin\apache-maven-3.8.4\bin;C:\Users\User\AppData\Local\Microsoft\WindowsApps;;C:\Users\User\OneDrive\Desktop;
USERNAME=User
OS=Windows_NT
PROCESSOR_IDENTIFIER=Intel64 Family 6 Model 69 Stepping 1, GenuineIntel



---------------  S Y S T E M  ---------------

OS:
 Windows 10 , 64 bit Build 19041 (10.0.19041.1503)
OS uptime: 2 days 0:18 hours

CPU: total 4 (initial active 4) (2 cores per cpu, 2 threads per core) family 6 model 69 stepping 1 microcode 0x25, cx8, cmov, fxsr, ht, mmx, sse, sse2, sse3, ssse3, sse4.1, sse4.2, popcnt, lzcnt, tsc, tscinvbit, avx, avx2, aes, erms, clmul, bmi1, bmi2, fma, vzeroupper, clflush

Memory: 4k page, system-wide physical 7878M (265M free)
TotalPageFile size 32082M (AvailPageFile size 3M)
current process WorkingSet (physical memory assigned to process): 48M, peak: 48M
current process commit charge ("private bytes"): 201M, peak: 201M

vm_info: OpenJDK 64-Bit Server VM (17.0.1+12) for windows-amd64 JRE (17.0.1+12), built on Oct 20 2021 07:42:55 by "" with MS VC++ 16.7 (VS2019)

END.
